mode: set
github.com/adityatresnobudi/library-api/internal/usecase/borrow_record_usercase.go:25.101,29.2 1 0
github.com/adityatresnobudi/library-api/internal/usecase/borrow_record_usercase.go:31.111,34.16 3 0
github.com/adityatresnobudi/library-api/internal/usecase/borrow_record_usercase.go:38.2,44.26 6 0
github.com/adityatresnobudi/library-api/internal/usecase/borrow_record_usercase.go:34.16,36.3 1 0
github.com/adityatresnobudi/library-api/internal/usecase/borrow_record_usercase.go:47.138,48.32 1 0
github.com/adityatresnobudi/library-api/internal/usecase/borrow_record_usercase.go:54.2,63.16 3 0
github.com/adityatresnobudi/library-api/internal/usecase/borrow_record_usercase.go:67.2,75.17 2 0
github.com/adityatresnobudi/library-api/internal/usecase/borrow_record_usercase.go:48.32,52.3 3 0
github.com/adityatresnobudi/library-api/internal/usecase/borrow_record_usercase.go:63.16,65.3 1 0
github.com/adityatresnobudi/library-api/internal/usecase/borrow_record_usercase.go:78.138,79.32 1 0
github.com/adityatresnobudi/library-api/internal/usecase/borrow_record_usercase.go:83.2,92.16 3 0
github.com/adityatresnobudi/library-api/internal/usecase/borrow_record_usercase.go:96.2,104.17 2 0
github.com/adityatresnobudi/library-api/internal/usecase/borrow_record_usercase.go:79.32,81.3 1 0
github.com/adityatresnobudi/library-api/internal/usecase/borrow_record_usercase.go:92.16,94.3 1 0
github.com/adityatresnobudi/library-api/internal/usecase/borrow_record_usercase.go:107.47,109.2 1 0
github.com/adityatresnobudi/library-api/internal/usecase/borrow_record_usercase.go:111.49,115.2 3 0
github.com/adityatresnobudi/library-api/internal/usecase/user_usecase.go:24.69,28.2 1 1
github.com/adityatresnobudi/library-api/internal/usecase/user_usecase.go:30.95,34.16 4 1
github.com/adityatresnobudi/library-api/internal/usecase/user_usecase.go:38.2,38.23 1 1
github.com/adityatresnobudi/library-api/internal/usecase/user_usecase.go:46.2,46.19 1 1
github.com/adityatresnobudi/library-api/internal/usecase/user_usecase.go:34.16,36.3 1 1
github.com/adityatresnobudi/library-api/internal/usecase/user_usecase.go:38.23,44.3 5 1
github.com/adityatresnobudi/library-api/internal/usecase/user_usecase.go:49.105,59.16 8 1
github.com/adityatresnobudi/library-api/internal/usecase/user_usecase.go:62.2,65.16 3 1
github.com/adityatresnobudi/library-api/internal/usecase/user_usecase.go:69.2,74.21 5 1
github.com/adityatresnobudi/library-api/internal/usecase/user_usecase.go:59.16,61.3 1 0
github.com/adityatresnobudi/library-api/internal/usecase/user_usecase.go:65.16,67.3 1 1
github.com/adityatresnobudi/library-api/internal/usecase/user_usecase.go:77.104,81.32 3 0
github.com/adityatresnobudi/library-api/internal/usecase/user_usecase.go:88.2,89.16 2 0
github.com/adityatresnobudi/library-api/internal/usecase/user_usecase.go:93.2,106.16 4 0
github.com/adityatresnobudi/library-api/internal/usecase/user_usecase.go:110.2,114.20 2 0
github.com/adityatresnobudi/library-api/internal/usecase/user_usecase.go:81.32,82.47 1 0
github.com/adityatresnobudi/library-api/internal/usecase/user_usecase.go:85.3,85.39 1 0
github.com/adityatresnobudi/library-api/internal/usecase/user_usecase.go:82.47,84.4 1 0
github.com/adityatresnobudi/library-api/internal/usecase/user_usecase.go:89.16,91.3 1 0
github.com/adityatresnobudi/library-api/internal/usecase/user_usecase.go:106.16,108.3 1 0
github.com/adityatresnobudi/library-api/internal/usecase/book_usecase.go:21.69,25.2 1 1
github.com/adityatresnobudi/library-api/internal/usecase/book_usecase.go:27.92,31.16 4 1
github.com/adityatresnobudi/library-api/internal/usecase/book_usecase.go:35.2,35.23 1 1
github.com/adityatresnobudi/library-api/internal/usecase/book_usecase.go:46.2,46.19 1 1
github.com/adityatresnobudi/library-api/internal/usecase/book_usecase.go:31.16,33.3 1 1
github.com/adityatresnobudi/library-api/internal/usecase/book_usecase.go:35.23,44.3 8 1
github.com/adityatresnobudi/library-api/internal/usecase/book_usecase.go:49.102,53.22 4 1
github.com/adityatresnobudi/library-api/internal/usecase/book_usecase.go:57.2,64.16 7 1
github.com/adityatresnobudi/library-api/internal/usecase/book_usecase.go:68.2,74.22 6 1
github.com/adityatresnobudi/library-api/internal/usecase/book_usecase.go:53.22,55.3 1 1
github.com/adityatresnobudi/library-api/internal/usecase/book_usecase.go:64.16,66.3 1 1
github.com/adityatresnobudi/library-api/internal/handler/handler_rest/book_handler.go:14.44,18.16 4 1
github.com/adityatresnobudi/library-api/internal/handler/handler_rest/book_handler.go:24.2,24.54 1 1
github.com/adityatresnobudi/library-api/internal/handler/handler_rest/book_handler.go:18.16,22.3 3 1
github.com/adityatresnobudi/library-api/internal/handler/handler_rest/book_handler.go:27.44,30.51 3 1
github.com/adityatresnobudi/library-api/internal/handler/handler_rest/book_handler.go:36.2,39.16 3 1
github.com/adityatresnobudi/library-api/internal/handler/handler_rest/book_handler.go:44.2,45.77 2 1
github.com/adityatresnobudi/library-api/internal/handler/handler_rest/book_handler.go:30.51,34.3 3 1
github.com/adityatresnobudi/library-api/internal/handler/handler_rest/book_handler.go:39.16,43.3 3 1
github.com/adityatresnobudi/library-api/internal/handler/handler_rest/borrow_record_handler.go:15.46,20.50 4 1
github.com/adityatresnobudi/library-api/internal/handler/handler_rest/borrow_record_handler.go:26.2,27.16 2 1
github.com/adityatresnobudi/library-api/internal/handler/handler_rest/borrow_record_handler.go:33.2,33.61 1 1
github.com/adityatresnobudi/library-api/internal/handler/handler_rest/borrow_record_handler.go:20.50,24.3 3 1
github.com/adityatresnobudi/library-api/internal/handler/handler_rest/borrow_record_handler.go:27.16,31.3 3 1
github.com/adityatresnobudi/library-api/internal/handler/handler_rest/borrow_record_handler.go:36.46,41.16 4 1
github.com/adityatresnobudi/library-api/internal/handler/handler_rest/borrow_record_handler.go:47.2,48.16 2 1
github.com/adityatresnobudi/library-api/internal/handler/handler_rest/borrow_record_handler.go:54.2,54.40 1 1
github.com/adityatresnobudi/library-api/internal/handler/handler_rest/borrow_record_handler.go:59.2,61.16 3 1
github.com/adityatresnobudi/library-api/internal/handler/handler_rest/borrow_record_handler.go:67.2,67.55 1 1
github.com/adityatresnobudi/library-api/internal/handler/handler_rest/borrow_record_handler.go:41.16,45.3 3 1
github.com/adityatresnobudi/library-api/internal/handler/handler_rest/borrow_record_handler.go:48.16,52.3 3 1
github.com/adityatresnobudi/library-api/internal/handler/handler_rest/borrow_record_handler.go:54.40,57.3 2 1
github.com/adityatresnobudi/library-api/internal/handler/handler_rest/borrow_record_handler.go:61.16,65.3 3 1
github.com/adityatresnobudi/library-api/internal/handler/handler_rest/handler.go:11.141,17.2 1 1
github.com/adityatresnobudi/library-api/internal/handler/handler_rest/user_handler.go:12.44,16.16 4 1
github.com/adityatresnobudi/library-api/internal/handler/handler_rest/user_handler.go:22.2,22.54 1 1
github.com/adityatresnobudi/library-api/internal/handler/handler_rest/user_handler.go:16.16,20.3 3 1
github.com/adityatresnobudi/library-api/internal/handler/handler_rest/user_handler.go:25.46,28.51 3 1
github.com/adityatresnobudi/library-api/internal/handler/handler_rest/user_handler.go:34.2,35.16 2 1
github.com/adityatresnobudi/library-api/internal/handler/handler_rest/user_handler.go:41.2,41.59 1 1
github.com/adityatresnobudi/library-api/internal/handler/handler_rest/user_handler.go:28.51,32.3 3 1
github.com/adityatresnobudi/library-api/internal/handler/handler_rest/user_handler.go:35.16,39.3 3 1
github.com/adityatresnobudi/library-api/internal/handler/handler_rest/user_handler.go:44.45,47.47 3 1
github.com/adityatresnobudi/library-api/internal/handler/handler_rest/user_handler.go:53.2,54.16 2 1
github.com/adityatresnobudi/library-api/internal/handler/handler_rest/user_handler.go:60.2,60.33 1 1
github.com/adityatresnobudi/library-api/internal/handler/handler_rest/user_handler.go:47.47,51.3 3 1
github.com/adityatresnobudi/library-api/internal/handler/handler_rest/user_handler.go:54.16,58.3 3 1
