mode: set
github.com/adityatresnobudi/library-api/handler/book_handler.go:14.44,18.16 4 1
github.com/adityatresnobudi/library-api/handler/book_handler.go:24.2,24.54 1 1
github.com/adityatresnobudi/library-api/handler/book_handler.go:18.16,22.3 3 1
github.com/adityatresnobudi/library-api/handler/book_handler.go:27.44,30.51 3 1
github.com/adityatresnobudi/library-api/handler/book_handler.go:36.2,39.16 3 1
github.com/adityatresnobudi/library-api/handler/book_handler.go:44.2,45.77 2 1
github.com/adityatresnobudi/library-api/handler/book_handler.go:30.51,34.3 3 1
github.com/adityatresnobudi/library-api/handler/book_handler.go:39.16,43.3 3 1
github.com/adityatresnobudi/library-api/handler/borrow_record_handler.go:15.46,20.50 4 1
github.com/adityatresnobudi/library-api/handler/borrow_record_handler.go:26.2,27.16 2 1
github.com/adityatresnobudi/library-api/handler/borrow_record_handler.go:33.2,33.61 1 1
github.com/adityatresnobudi/library-api/handler/borrow_record_handler.go:20.50,24.3 3 1
github.com/adityatresnobudi/library-api/handler/borrow_record_handler.go:27.16,31.3 3 1
github.com/adityatresnobudi/library-api/handler/borrow_record_handler.go:36.46,41.16 4 1
github.com/adityatresnobudi/library-api/handler/borrow_record_handler.go:47.2,48.16 2 1
github.com/adityatresnobudi/library-api/handler/borrow_record_handler.go:54.2,54.40 1 1
github.com/adityatresnobudi/library-api/handler/borrow_record_handler.go:59.2,61.16 3 1
github.com/adityatresnobudi/library-api/handler/borrow_record_handler.go:67.2,67.55 1 1
github.com/adityatresnobudi/library-api/handler/borrow_record_handler.go:41.16,45.3 3 1
github.com/adityatresnobudi/library-api/handler/borrow_record_handler.go:48.16,52.3 3 1
github.com/adityatresnobudi/library-api/handler/borrow_record_handler.go:54.40,57.3 2 1
github.com/adityatresnobudi/library-api/handler/borrow_record_handler.go:61.16,65.3 3 1
github.com/adityatresnobudi/library-api/handler/handler.go:11.141,17.2 1 1
github.com/adityatresnobudi/library-api/handler/user_handler.go:12.44,16.16 4 1
github.com/adityatresnobudi/library-api/handler/user_handler.go:22.2,22.54 1 1
github.com/adityatresnobudi/library-api/handler/user_handler.go:16.16,20.3 3 1
github.com/adityatresnobudi/library-api/handler/user_handler.go:25.46,28.51 3 1
github.com/adityatresnobudi/library-api/handler/user_handler.go:34.2,35.16 2 1
github.com/adityatresnobudi/library-api/handler/user_handler.go:41.2,41.59 1 1
github.com/adityatresnobudi/library-api/handler/user_handler.go:28.51,32.3 3 1
github.com/adityatresnobudi/library-api/handler/user_handler.go:35.16,39.3 3 1
github.com/adityatresnobudi/library-api/handler/user_handler.go:44.45,47.47 3 1
github.com/adityatresnobudi/library-api/handler/user_handler.go:53.2,54.16 2 1
github.com/adityatresnobudi/library-api/handler/user_handler.go:60.2,60.33 1 1
github.com/adityatresnobudi/library-api/handler/user_handler.go:47.47,51.3 3 1
github.com/adityatresnobudi/library-api/handler/user_handler.go:54.16,58.3 3 1
